<test-run id="2" testcasecount="0" result="Passed" start-time="2022-12-01 20:10:00.978562" end-time="2022-12-01 20:10:25.779546" duration="24" total="0" passed="0" failed="0" inconclusive="0" skipped="0" asserts="0" clr-version="3.9.13 | packaged by conda-forge | (main, May 27 2022, 17:00:52) &#10;[Clang 13.0.1 ]" engine-version="3.6.2"><command-line>/Users/emthompson/miniconda3/envs/shakemap/bin/pytest .</command-line><filter><test re="0">.</test></filter><test-suite id="tests/gmprocess/bin/gmworkspace_test.py" name="tests/gmprocess/bin/gmworkspace_test.py" fullname="tests/gmprocess/bin/gmworkspace_test.py" methodname="" classname="" runstate="Runnable" type="Assembly" testcasecount="0" result="Passed" label="" start-time="0001-01-01 00:00:00.000000" end-time="0001-01-01 00:00:00.000000" duration="0.0" asserts="0" total="0" passed="0" failed="0" warnings="0" inconclusive="0" skipped="0"><properties><property name="python_version" value="3.9.13 | packaged by conda-forge | (main, May 27 2022, 17:00:52) &#10;[Clang 13.0.1 ]" /></properties><environment framework-version="3.6.2" clr-version="3.9.13 | packaged by conda-forge | (main, May 27 2022, 17:00:52) &#10;[Clang 13.0.1 ]" os-version="20.6.0" platform="Darwin" cwd="/Users/emthompson/src/python/groundmotion-processing" machine-name="x86_64" user="" user-domain="" culture="en_US" uiculture="en_US" os-architecture="64bit" /></test-suite><test-suite id="tests/gmprocess/subcommands/generate_regression_plot_test.py" name="tests/gmprocess/subcommands/generate_regression_plot_test.py" fullname="tests/gmprocess/subcommands/generate_regression_plot_test.py" methodname="" classname="" runstate="Runnable" type="Assembly" testcasecount="0" result="Passed" label="" start-time="0001-01-01 00:00:00.000000" end-time="0001-01-01 00:00:00.000000" duration="0.0" asserts="0" total="0" passed="0" failed="0" warnings="0" inconclusive="0" skipped="0"><properties><property name="python_version" value="3.9.13 | packaged by conda-forge | (main, May 27 2022, 17:00:52) &#10;[Clang 13.0.1 ]" /></properties><environment framework-version="3.6.2" clr-version="3.9.13 | packaged by conda-forge | (main, May 27 2022, 17:00:52) &#10;[Clang 13.0.1 ]" os-version="20.6.0" platform="Darwin" cwd="/Users/emthompson/src/python/groundmotion-processing" machine-name="x86_64" user="" user-domain="" culture="en_US" uiculture="en_US" os-architecture="64bit" /></test-suite><test-suite id="tests/gmprocess/subcommands/export_provenance_tables_test.py" name="tests/gmprocess/subcommands/export_provenance_tables_test.py" fullname="tests/gmprocess/subcommands/export_provenance_tables_test.py" methodname="" classname="" runstate="Runnable" type="Assembly" testcasecount="0" result="Passed" label="" start-time="0001-01-01 00:00:00.000000" end-time="0001-01-01 00:00:00.000000" duration="0.0" asserts="0" total="0" passed="0" failed="0" warnings="0" inconclusive="0" skipped="0"><properties><property name="python_version" value="3.9.13 | packaged by conda-forge | (main, May 27 2022, 17:00:52) &#10;[Clang 13.0.1 ]" /></properties><environment framework-version="3.6.2" clr-version="3.9.13 | packaged by conda-forge | (main, May 27 2022, 17:00:52) &#10;[Clang 13.0.1 ]" os-version="20.6.0" platform="Darwin" cwd="/Users/emthompson/src/python/groundmotion-processing" machine-name="x86_64" user="" user-domain="" culture="en_US" uiculture="en_US" os-architecture="64bit" /></test-suite><test-suite id="tests/gmprocess/utils/tables_test.py" name="tests/gmprocess/utils/tables_test.py" fullname="tests/gmprocess/utils/tables_test.py" methodname="" classname="" runstate="Runnable" type="Assembly" testcasecount="0" result="Passed" label="" start-time="0001-01-01 00:00:00.000000" end-time="0001-01-01 00:00:00.000000" duration="0.0" asserts="0" total="0" passed="0" failed="0" warnings="0" inconclusive="0" skipped="0"><properties><property name="python_version" value="3.9.13 | packaged by conda-forge | (main, May 27 2022, 17:00:52) &#10;[Clang 13.0.1 ]" /></properties><environment framework-version="3.6.2" clr-version="3.9.13 | packaged by conda-forge | (main, May 27 2022, 17:00:52) &#10;[Clang 13.0.1 ]" os-version="20.6.0" platform="Darwin" cwd="/Users/emthompson/src/python/groundmotion-processing" machine-name="x86_64" user="" user-domain="" culture="en_US" uiculture="en_US" os-architecture="64bit" /></test-suite><test-suite id="tests/gmprocess/waveform_processing/clipping/clipping_ann_test.py" name="tests/gmprocess/waveform_processing/clipping/clipping_ann_test.py" fullname="tests/gmprocess/waveform_processing/clipping/clipping_ann_test.py" methodname="" classname="" runstate="Runnable" type="Assembly" testcasecount="0" result="Passed" label="" start-time="0001-01-01 00:00:00.000000" end-time="0001-01-01 00:00:00.000000" duration="0.0" asserts="0" total="0" passed="0" failed="0" warnings="0" inconclusive="0" skipped="0"><properties><property name="python_version" value="3.9.13 | packaged by conda-forge | (main, May 27 2022, 17:00:52) &#10;[Clang 13.0.1 ]" /></properties><environment framework-version="3.6.2" clr-version="3.9.13 | packaged by conda-forge | (main, May 27 2022, 17:00:52) &#10;[Clang 13.0.1 ]" os-version="20.6.0" platform="Darwin" cwd="/Users/emthompson/src/python/groundmotion-processing" machine-name="x86_64" user="" user-domain="" culture="en_US" uiculture="en_US" os-architecture="64bit" /></test-suite><test-suite id="tests/gmprocess/subcommands/projects_test.py" name="tests/gmprocess/subcommands/projects_test.py" fullname="tests/gmprocess/subcommands/projects_test.py" methodname="" classname="" runstate="Runnable" type="Assembly" testcasecount="0" result="Passed" label="" start-time="0001-01-01 00:00:00.000000" end-time="0001-01-01 00:00:00.000000" duration="0.0" asserts="0" total="0" passed="0" failed="0" warnings="0" inconclusive="0" skipped="0"><properties><property name="python_version" value="3.9.13 | packaged by conda-forge | (main, May 27 2022, 17:00:52) &#10;[Clang 13.0.1 ]" /></properties><environment framework-version="3.6.2" clr-version="3.9.13 | packaged by conda-forge | (main, May 27 2022, 17:00:52) &#10;[Clang 13.0.1 ]" os-version="20.6.0" platform="Darwin" cwd="/Users/emthompson/src/python/groundmotion-processing" machine-name="x86_64" user="" user-domain="" culture="en_US" uiculture="en_US" os-architecture="64bit" /></test-suite><test-suite id="tests/gmprocess/subcommands/export_metric_tables_test.py" name="tests/gmprocess/subcommands/export_metric_tables_test.py" fullname="tests/gmprocess/subcommands/export_metric_tables_test.py" methodname="" classname="" runstate="Runnable" type="Assembly" testcasecount="0" result="Passed" label="" start-time="0001-01-01 00:00:00.000000" end-time="0001-01-01 00:00:00.000000" duration="0.0" asserts="0" total="0" passed="0" failed="0" warnings="0" inconclusive="0" skipped="0"><properties><property name="python_version" value="3.9.13 | packaged by conda-forge | (main, May 27 2022, 17:00:52) &#10;[Clang 13.0.1 ]" /></properties><environment framework-version="3.6.2" clr-version="3.9.13 | packaged by conda-forge | (main, May 27 2022, 17:00:52) &#10;[Clang 13.0.1 ]" os-version="20.6.0" platform="Darwin" cwd="/Users/emthompson/src/python/groundmotion-processing" machine-name="x86_64" user="" user-domain="" culture="en_US" uiculture="en_US" os-architecture="64bit" /></test-suite><test-suite id="tests/gmprocess/io/seed_test.py" name="tests/gmprocess/io/seed_test.py" fullname="tests/gmprocess/io/seed_test.py" methodname="" classname="" runstate="Runnable" type="Assembly" testcasecount="0" result="Passed" label="" start-time="0001-01-01 00:00:00.000000" end-time="0001-01-01 00:00:00.000000" duration="0.0" asserts="0" total="0" passed="0" failed="0" warnings="0" inconclusive="0" skipped="0"><properties><property name="python_version" value="3.9.13 | packaged by conda-forge | (main, May 27 2022, 17:00:52) &#10;[Clang 13.0.1 ]" /></properties><environment framework-version="3.6.2" clr-version="3.9.13 | packaged by conda-forge | (main, May 27 2022, 17:00:52) &#10;[Clang 13.0.1 ]" os-version="20.6.0" platform="Darwin" cwd="/Users/emthompson/src/python/groundmotion-processing" machine-name="x86_64" user="" user-domain="" culture="en_US" uiculture="en_US" os-architecture="64bit" /></test-suite><test-suite id="tests/gmprocess/subcommands/autoshakemap_test.py" name="tests/gmprocess/subcommands/autoshakemap_test.py" fullname="tests/gmprocess/subcommands/autoshakemap_test.py" methodname="" classname="" runstate="Runnable" type="Assembly" testcasecount="0" result="Passed" label="" start-time="0001-01-01 00:00:00.000000" end-time="0001-01-01 00:00:00.000000" duration="0.0" asserts="0" total="0" passed="0" failed="0" warnings="0" inconclusive="0" skipped="0"><properties><property name="python_version" value="3.9.13 | packaged by conda-forge | (main, May 27 2022, 17:00:52) &#10;[Clang 13.0.1 ]" /></properties><environment framework-version="3.6.2" clr-version="3.9.13 | packaged by conda-forge | (main, May 27 2022, 17:00:52) &#10;[Clang 13.0.1 ]" os-version="20.6.0" platform="Darwin" cwd="/Users/emthompson/src/python/groundmotion-processing" machine-name="x86_64" user="" user-domain="" culture="en_US" uiculture="en_US" os-architecture="64bit" /></test-suite><test-suite id="tests/gmprocess/subcommands/compute_waveform_metrics_test.py" name="tests/gmprocess/subcommands/compute_waveform_metrics_test.py" fullname="tests/gmprocess/subcommands/compute_waveform_metrics_test.py" methodname="" classname="" runstate="Runnable" type="Assembly" testcasecount="0" result="Passed" label="" start-time="0001-01-01 00:00:00.000000" end-time="0001-01-01 00:00:00.000000" duration="0.0" asserts="0" total="0" passed="0" failed="0" warnings="0" inconclusive="0" skipped="0"><properties><property name="python_version" value="3.9.13 | packaged by conda-forge | (main, May 27 2022, 17:00:52) &#10;[Clang 13.0.1 ]" /></properties><environment framework-version="3.6.2" clr-version="3.9.13 | packaged by conda-forge | (main, May 27 2022, 17:00:52) &#10;[Clang 13.0.1 ]" os-version="20.6.0" platform="Darwin" cwd="/Users/emthompson/src/python/groundmotion-processing" machine-name="x86_64" user="" user-domain="" culture="en_US" uiculture="en_US" os-architecture="64bit" /></test-suite><test-suite id="tests/gmprocess/subcommands/assemble_test.py" name="tests/gmprocess/subcommands/assemble_test.py" fullname="tests/gmprocess/subcommands/assemble_test.py" methodname="" classname="" runstate="Runnable" type="Assembly" testcasecount="0" result="Passed" label="" start-time="0001-01-01 00:00:00.000000" end-time="0001-01-01 00:00:00.000000" duration="0.0" asserts="0" total="0" passed="0" failed="0" warnings="0" inconclusive="0" skipped="0"><properties><property name="python_version" value="3.9.13 | packaged by conda-forge | (main, May 27 2022, 17:00:52) &#10;[Clang 13.0.1 ]" /></properties><environment framework-version="3.6.2" clr-version="3.9.13 | packaged by conda-forge | (main, May 27 2022, 17:00:52) &#10;[Clang 13.0.1 ]" os-version="20.6.0" platform="Darwin" cwd="/Users/emthompson/src/python/groundmotion-processing" machine-name="x86_64" user="" user-domain="" culture="en_US" uiculture="en_US" os-architecture="64bit" /></test-suite><test-suite id="tests/gmprocess/subcommands/generate_station_maps_test.py" name="tests/gmprocess/subcommands/generate_station_maps_test.py" fullname="tests/gmprocess/subcommands/generate_station_maps_test.py" methodname="" classname="" runstate="Runnable" type="Assembly" testcasecount="0" result="Passed" label="" start-time="0001-01-01 00:00:00.000000" end-time="0001-01-01 00:00:00.000000" duration="0.0" asserts="0" total="0" passed="0" failed="0" warnings="0" inconclusive="0" skipped="0"><properties><property name="python_version" value="3.9.13 | packaged by conda-forge | (main, May 27 2022, 17:00:52) &#10;[Clang 13.0.1 ]" /></properties><environment framework-version="3.6.2" clr-version="3.9.13 | packaged by conda-forge | (main, May 27 2022, 17:00:52) &#10;[Clang 13.0.1 ]" os-version="20.6.0" platform="Darwin" cwd="/Users/emthompson/src/python/groundmotion-processing" machine-name="x86_64" user="" user-domain="" culture="en_US" uiculture="en_US" os-architecture="64bit" /></test-suite><test-suite id="tests/gmprocess/bin/list_metrics_test.py" name="tests/gmprocess/bin/list_metrics_test.py" fullname="tests/gmprocess/bin/list_metrics_test.py" methodname="" classname="" runstate="Runnable" type="Assembly" testcasecount="0" result="Passed" label="" start-time="0001-01-01 00:00:00.000000" end-time="0001-01-01 00:00:00.000000" duration="0.0" asserts="0" total="0" passed="0" failed="0" warnings="0" inconclusive="0" skipped="0"><properties><property name="python_version" value="3.9.13 | packaged by conda-forge | (main, May 27 2022, 17:00:52) &#10;[Clang 13.0.1 ]" /></properties><environment framework-version="3.6.2" clr-version="3.9.13 | packaged by conda-forge | (main, May 27 2022, 17:00:52) &#10;[Clang 13.0.1 ]" os-version="20.6.0" platform="Darwin" cwd="/Users/emthompson/src/python/groundmotion-processing" machine-name="x86_64" user="" user-domain="" culture="en_US" uiculture="en_US" os-architecture="64bit" /></test-suite><test-suite id="tests/gmprocess/subcommands/process_waveforms_test.py" name="tests/gmprocess/subcommands/process_waveforms_test.py" fullname="tests/gmprocess/subcommands/process_waveforms_test.py" methodname="" classname="" runstate="Runnable" type="Assembly" testcasecount="0" result="Passed" label="" start-time="0001-01-01 00:00:00.000000" end-time="0001-01-01 00:00:00.000000" duration="0.0" asserts="0" total="0" passed="0" failed="0" warnings="0" inconclusive="0" skipped="0"><properties><property name="python_version" value="3.9.13 | packaged by conda-forge | (main, May 27 2022, 17:00:52) &#10;[Clang 13.0.1 ]" /></properties><environment framework-version="3.6.2" clr-version="3.9.13 | packaged by conda-forge | (main, May 27 2022, 17:00:52) &#10;[Clang 13.0.1 ]" os-version="20.6.0" platform="Darwin" cwd="/Users/emthompson/src/python/groundmotion-processing" machine-name="x86_64" user="" user-domain="" culture="en_US" uiculture="en_US" os-architecture="64bit" /></test-suite><test-suite id="tests/gmprocess/metrics/gather_test.py" name="tests/gmprocess/metrics/gather_test.py" fullname="tests/gmprocess/metrics/gather_test.py" methodname="" classname="" runstate="Runnable" type="Assembly" testcasecount="0" result="Passed" label="" start-time="0001-01-01 00:00:00.000000" end-time="0001-01-01 00:00:00.000000" duration="0.0" asserts="0" total="0" passed="0" failed="0" warnings="0" inconclusive="0" skipped="0"><properties><property name="python_version" value="3.9.13 | packaged by conda-forge | (main, May 27 2022, 17:00:52) &#10;[Clang 13.0.1 ]" /></properties><environment framework-version="3.6.2" clr-version="3.9.13 | packaged by conda-forge | (main, May 27 2022, 17:00:52) &#10;[Clang 13.0.1 ]" os-version="20.6.0" platform="Darwin" cwd="/Users/emthompson/src/python/groundmotion-processing" machine-name="x86_64" user="" user-domain="" culture="en_US" uiculture="en_US" os-architecture="64bit" /></test-suite><test-suite id="tests/gmprocess/subcommands/export_failures_test.py" name="tests/gmprocess/subcommands/export_failures_test.py" fullname="tests/gmprocess/subcommands/export_failures_test.py" methodname="" classname="" runstate="Runnable" type="Assembly" testcasecount="0" result="Passed" label="" start-time="0001-01-01 00:00:00.000000" end-time="0001-01-01 00:00:00.000000" duration="0.0" asserts="0" total="0" passed="0" failed="0" warnings="0" inconclusive="0" skipped="0"><properties><property name="python_version" value="3.9.13 | packaged by conda-forge | (main, May 27 2022, 17:00:52) &#10;[Clang 13.0.1 ]" /></properties><environment framework-version="3.6.2" clr-version="3.9.13 | packaged by conda-forge | (main, May 27 2022, 17:00:52) &#10;[Clang 13.0.1 ]" os-version="20.6.0" platform="Darwin" cwd="/Users/emthompson/src/python/groundmotion-processing" machine-name="x86_64" user="" user-domain="" culture="en_US" uiculture="en_US" os-architecture="64bit" /></test-suite><test-suite id="tests/gmprocess/subcommands/autoprocess_test.py" name="tests/gmprocess/subcommands/autoprocess_test.py" fullname="tests/gmprocess/subcommands/autoprocess_test.py" methodname="" classname="" runstate="Runnable" type="Assembly" testcasecount="0" result="Passed" label="" start-time="0001-01-01 00:00:00.000000" end-time="0001-01-01 00:00:00.000000" duration="0.0" asserts="0" total="0" passed="0" failed="0" warnings="0" inconclusive="0" skipped="0"><properties><property name="python_version" value="3.9.13 | packaged by conda-forge | (main, May 27 2022, 17:00:52) &#10;[Clang 13.0.1 ]" /></properties><environment framework-version="3.6.2" clr-version="3.9.13 | packaged by conda-forge | (main, May 27 2022, 17:00:52) &#10;[Clang 13.0.1 ]" os-version="20.6.0" platform="Darwin" cwd="/Users/emthompson/src/python/groundmotion-processing" machine-name="x86_64" user="" user-domain="" culture="en_US" uiculture="en_US" os-architecture="64bit" /></test-suite><test-suite id="tests/gmprocess/io/asdf/asdf_utils_test.py" name="tests/gmprocess/io/asdf/asdf_utils_test.py" fullname="tests/gmprocess/io/asdf/asdf_utils_test.py" methodname="" classname="" runstate="Runnable" type="Assembly" testcasecount="0" result="Passed" label="" start-time="0001-01-01 00:00:00.000000" end-time="0001-01-01 00:00:00.000000" duration="0.0" asserts="0" total="0" passed="0" failed="0" warnings="0" inconclusive="0" skipped="0"><properties><property name="python_version" value="3.9.13 | packaged by conda-forge | (main, May 27 2022, 17:00:52) &#10;[Clang 13.0.1 ]" /></properties><environment framework-version="3.6.2" clr-version="3.9.13 | packaged by conda-forge | (main, May 27 2022, 17:00:52) &#10;[Clang 13.0.1 ]" os-version="20.6.0" platform="Darwin" cwd="/Users/emthompson/src/python/groundmotion-processing" machine-name="x86_64" user="" user-domain="" culture="en_US" uiculture="en_US" os-architecture="64bit" /></test-suite><test-suite id="tests/gmprocess/subcommands/export_shakemap_test.py" name="tests/gmprocess/subcommands/export_shakemap_test.py" fullname="tests/gmprocess/subcommands/export_shakemap_test.py" methodname="" classname="" runstate="Runnable" type="Assembly" testcasecount="0" result="Passed" label="" start-time="0001-01-01 00:00:00.000000" end-time="0001-01-01 00:00:00.000000" duration="0.0" asserts="0" total="0" passed="0" failed="0" warnings="0" inconclusive="0" skipped="0"><properties><property name="python_version" value="3.9.13 | packaged by conda-forge | (main, May 27 2022, 17:00:52) &#10;[Clang 13.0.1 ]" /></properties><environment framework-version="3.6.2" clr-version="3.9.13 | packaged by conda-forge | (main, May 27 2022, 17:00:52) &#10;[Clang 13.0.1 ]" os-version="20.6.0" platform="Darwin" cwd="/Users/emthompson/src/python/groundmotion-processing" machine-name="x86_64" user="" user-domain="" culture="en_US" uiculture="en_US" os-architecture="64bit" /></test-suite><test-suite id="tests/gmprocess/subcommands/processing_steps_test.py" name="tests/gmprocess/subcommands/processing_steps_test.py" fullname="tests/gmprocess/subcommands/processing_steps_test.py" methodname="" classname="" runstate="Runnable" type="Assembly" testcasecount="0" result="Passed" label="" start-time="0001-01-01 00:00:00.000000" end-time="0001-01-01 00:00:00.000000" duration="0.0" asserts="0" total="0" passed="0" failed="0" warnings="0" inconclusive="0" skipped="0"><properties><property name="python_version" value="3.9.13 | packaged by conda-forge | (main, May 27 2022, 17:00:52) &#10;[Clang 13.0.1 ]" /></properties><environment framework-version="3.6.2" clr-version="3.9.13 | packaged by conda-forge | (main, May 27 2022, 17:00:52) &#10;[Clang 13.0.1 ]" os-version="20.6.0" platform="Darwin" cwd="/Users/emthompson/src/python/groundmotion-processing" machine-name="x86_64" user="" user-domain="" culture="en_US" uiculture="en_US" os-architecture="64bit" /></test-suite><test-suite id="tests/gmprocess/bin/gmrecords_test.py" name="tests/gmprocess/bin/gmrecords_test.py" fullname="tests/gmprocess/bin/gmrecords_test.py" methodname="" classname="" runstate="Runnable" type="Assembly" testcasecount="0" result="Passed" label="" start-time="0001-01-01 00:00:00.000000" end-time="0001-01-01 00:00:00.000000" duration="0.0" asserts="0" total="0" passed="0" failed="0" warnings="0" inconclusive="0" skipped="0"><properties><property name="python_version" value="3.9.13 | packaged by conda-forge | (main, May 27 2022, 17:00:52) &#10;[Clang 13.0.1 ]" /></properties><environment framework-version="3.6.2" clr-version="3.9.13 | packaged by conda-forge | (main, May 27 2022, 17:00:52) &#10;[Clang 13.0.1 ]" os-version="20.6.0" platform="Darwin" cwd="/Users/emthompson/src/python/groundmotion-processing" machine-name="x86_64" user="" user-domain="" culture="en_US" uiculture="en_US" os-architecture="64bit" /></test-suite><test-suite id="tests/gmprocess/subcommands/compute_station_metrics_test.py" name="tests/gmprocess/subcommands/compute_station_metrics_test.py" fullname="tests/gmprocess/subcommands/compute_station_metrics_test.py" methodname="" classname="" runstate="Runnable" type="Assembly" testcasecount="0" result="Passed" label="" start-time="0001-01-01 00:00:00.000000" end-time="0001-01-01 00:00:00.000000" duration="0.0" asserts="0" total="0" passed="0" failed="0" warnings="0" inconclusive="0" skipped="0"><properties><property name="python_version" value="3.9.13 | packaged by conda-forge | (main, May 27 2022, 17:00:52) &#10;[Clang 13.0.1 ]" /></properties><environment framework-version="3.6.2" clr-version="3.9.13 | packaged by conda-forge | (main, May 27 2022, 17:00:52) &#10;[Clang 13.0.1 ]" os-version="20.6.0" platform="Darwin" cwd="/Users/emthompson/src/python/groundmotion-processing" machine-name="x86_64" user="" user-domain="" culture="en_US" uiculture="en_US" os-architecture="64bit" /></test-suite><test-suite id="tests/gmprocess/subcommands/import_test.py" name="tests/gmprocess/subcommands/import_test.py" fullname="tests/gmprocess/subcommands/import_test.py" methodname="" classname="" runstate="Runnable" type="Assembly" testcasecount="0" result="Passed" label="" start-time="0001-01-01 00:00:00.000000" end-time="0001-01-01 00:00:00.000000" duration="0.0" asserts="0" total="0" passed="0" failed="0" warnings="0" inconclusive="0" skipped="0"><properties><property name="python_version" value="3.9.13 | packaged by conda-forge | (main, May 27 2022, 17:00:52) &#10;[Clang 13.0.1 ]" /></properties><environment framework-version="3.6.2" clr-version="3.9.13 | packaged by conda-forge | (main, May 27 2022, 17:00:52) &#10;[Clang 13.0.1 ]" os-version="20.6.0" platform="Darwin" cwd="/Users/emthompson/src/python/groundmotion-processing" machine-name="x86_64" user="" user-domain="" culture="en_US" uiculture="en_US" os-architecture="64bit" /></test-suite></test-run>